<?xml version="1.0" encoding="UTF-8"?>
<!-- Generated by org.testng.reporters.JUnitXMLReporter -->
<testsuite hostname="CA17-C9JQSY1" name="BMT" tests="2" failures="1" timestamp="9 Jan 2015 00:15:55 GMT" time="111.667" errors="0">
  <testcase name="f_WelcomeStart" time="9.736" classname="User_actions.Useractions">
    <failure type="java.lang.Error" message="Verification Error: expected:&amp;lt;QUESTION 1 OF 3&amp;gt; but was:&amp;lt;QUESTION 1 OF 9&amp;gt;">
      <![CDATA[java.lang.Error: Verification Error: expected:<QUESTION 1 OF 3> but was:<QUESTION 1 OF 9>
	at UIWrappers.UIobjects.verifyEquals(UIobjects.java:98)
	at User_actions.Useractions.f_WelcomeStart(Useractions.java:1862)
... Removed 24 stack frames]]>
    </failure>
  </testcase> <!-- f_WelcomeStart -->
  <testcase name="f_WelcomeStop" time="41.071" classname="User_actions.Useractions"/>
</testsuite> <!-- BMT -->
