<?xml version="1.0" encoding="UTF-8"?>
<testng-results skipped="0" failed="0" total="1" passed="1">
  <reporter-output>
  </reporter-output>
  <suite name="BMT REGRESSION SUITE" duration-ms="141040" started-at="2014-12-18T19:51:26Z" finished-at="2014-12-18T19:53:47Z">
    <groups>
    </groups>
    <test name="BMT" duration-ms="141040" started-at="2014-12-18T19:51:26Z" finished-at="2014-12-18T19:53:47Z">
      <class name="User_actions.Useractions">
        <test-method status="PASS" signature="beforeClass()[pri:0, instance:User_actions.Useractions@c39f790]" name="beforeClass" is-config="true" duration-ms="20911" started-at="2014-12-18T11:51:26Z" finished-at="2014-12-18T11:51:46Z">
          <reporter-output>
          </reporter-output>
        </test-method> <!-- beforeClass -->
        <test-method status="PASS" signature="pauseTest()[pri:0, instance:User_actions.Useractions@c39f790]" name="pauseTest" duration-ms="117367" started-at="2014-12-18T11:51:46Z" finished-at="2014-12-18T11:53:44Z">
          <reporter-output>
          </reporter-output>
        </test-method> <!-- pauseTest -->
        <test-method status="PASS" signature="afterClass()[pri:0, instance:User_actions.Useractions@c39f790]" name="afterClass" is-config="true" duration-ms="2746" started-at="2014-12-18T11:53:44Z" finished-at="2014-12-18T11:53:47Z">
          <reporter-output>
          </reporter-output>
        </test-method> <!-- afterClass -->
      </class> <!-- User_actions.Useractions -->
    </test> <!-- BMT -->
  </suite> <!-- BMT REGRESSION SUITE -->
</testng-results>
