<?xml version="1.0" encoding="UTF-8"?>
<testng-results skipped="0" failed="1" total="2" passed="1">
  <reporter-output>
    <line>
      <![CDATA[<a href=C:\Automation_Framework\BMT_GAIN\Test_Output\ScreenShots\f_WelcomeStart2015_01_08_161433_Report.png target='_blank' >f_WelcomeStart_ErrorLogScreenShot</a>]]>
    </line>
  </reporter-output>
  <suite name="BMT REGRESSION SUITE" duration-ms="111667" started-at="2015-01-09T00:14:03Z" finished-at="2015-01-09T00:15:55Z">
    <groups>
    </groups>
    <test name="BMT" duration-ms="111667" started-at="2015-01-09T00:14:03Z" finished-at="2015-01-09T00:15:55Z">
      <class name="User_actions.Useractions">
        <test-method status="PASS" signature="beforeClass()[pri:0, instance:User_actions.Useractions@445b84c0]" name="beforeClass" is-config="true" duration-ms="20082" started-at="2015-01-08T16:14:03Z" finished-at="2015-01-08T16:14:24Z">
          <reporter-output>
          </reporter-output>
        </test-method> <!-- beforeClass -->
        <test-method status="FAIL" signature="f_WelcomeStart()[pri:0, instance:User_actions.Useractions@445b84c0]" name="f_WelcomeStart" duration-ms="9736" started-at="2015-01-08T16:14:24Z" finished-at="2015-01-08T16:14:33Z">
          <exception class="java.lang.Error">
            <message>
              <![CDATA[Verification Error: expected:<QUESTION 1 OF 3> but was:<QUESTION 1 OF 9>]]>
            </message>
            <full-stacktrace>
              <![CDATA[java.lang.Error: Verification Error: expected:<QUESTION 1 OF 3> but was:<QUESTION 1 OF 9>
	at UIWrappers.UIobjects.verifyEquals(UIobjects.java:98)
	at User_actions.Useractions.f_WelcomeStart(Useractions.java:1862)
	at sun.reflect.NativeMethodAccessorImpl.invoke0(Native Method)
	at sun.reflect.NativeMethodAccessorImpl.invoke(Unknown Source)
	at sun.reflect.DelegatingMethodAccessorImpl.invoke(Unknown Source)
	at java.lang.reflect.Method.invoke(Unknown Source)
	at org.testng.internal.MethodInvocationHelper.invokeMethod(MethodInvocationHelper.java:84)
	at org.testng.internal.Invoker.invokeMethod(Invoker.java:714)
	at org.testng.internal.Invoker.invokeTestMethod(Invoker.java:901)
	at org.testng.internal.Invoker.invokeTestMethods(Invoker.java:1231)
	at org.testng.internal.TestMethodWorker.invokeTestMethods(TestMethodWorker.java:127)
	at org.testng.internal.TestMethodWorker.run(TestMethodWorker.java:111)
	at org.testng.TestRunner.privateRun(TestRunner.java:767)
	at org.testng.TestRunner.run(TestRunner.java:617)
	at org.testng.SuiteRunner.runTest(SuiteRunner.java:334)
	at org.testng.SuiteRunner.runSequentially(SuiteRunner.java:329)
	at org.testng.SuiteRunner.privateRun(SuiteRunner.java:291)
	at org.testng.SuiteRunner.run(SuiteRunner.java:240)
	at org.testng.SuiteRunnerWorker.runSuite(SuiteRunnerWorker.java:52)
	at org.testng.SuiteRunnerWorker.run(SuiteRunnerWorker.java:86)
	at org.testng.TestNG.runSuitesSequentially(TestNG.java:1224)
	at org.testng.TestNG.runSuitesLocally(TestNG.java:1149)
	at org.testng.TestNG.run(TestNG.java:1057)
	at org.testng.remote.RemoteTestNG.run(RemoteTestNG.java:111)
	at org.testng.remote.RemoteTestNG.initAndRun(RemoteTestNG.java:204)
	at org.testng.remote.RemoteTestNG.main(RemoteTestNG.java:175)
]]>
            </full-stacktrace>
          </exception> <!-- java.lang.Error -->
          <reporter-output>
            <line>
              <![CDATA[<a href=C:\Automation_Framework\BMT_GAIN\Test_Output\ScreenShots\f_WelcomeStart2015_01_08_161433_Report.png target='_blank' >f_WelcomeStart_ErrorLogScreenShot</a>]]>
            </line>
          </reporter-output>
        </test-method> <!-- f_WelcomeStart -->
        <test-method status="PASS" signature="afterClass()[pri:0, instance:User_actions.Useractions@445b84c0]" name="afterClass" is-config="true" duration-ms="2541" started-at="2015-01-08T16:14:36Z" finished-at="2015-01-08T16:14:38Z">
          <reporter-output>
          </reporter-output>
        </test-method> <!-- afterClass -->
        <test-method status="PASS" signature="beforeClass()[pri:0, instance:User_actions.Useractions@445b84c0]" name="beforeClass" is-config="true" duration-ms="34225" started-at="2015-01-08T16:14:38Z" finished-at="2015-01-08T16:15:12Z">
          <reporter-output>
          </reporter-output>
        </test-method> <!-- beforeClass -->
        <test-method status="PASS" signature="f_WelcomeStop()[pri:0, instance:User_actions.Useractions@445b84c0]" name="f_WelcomeStop" duration-ms="41071" started-at="2015-01-08T16:15:12Z" finished-at="2015-01-08T16:15:53Z">
          <reporter-output>
          </reporter-output>
        </test-method> <!-- f_WelcomeStop -->
        <test-method status="PASS" signature="afterClass()[pri:0, instance:User_actions.Useractions@445b84c0]" name="afterClass" is-config="true" duration-ms="1697" started-at="2015-01-08T16:15:53Z" finished-at="2015-01-08T16:15:55Z">
          <reporter-output>
          </reporter-output>
        </test-method> <!-- afterClass -->
      </class> <!-- User_actions.Useractions -->
    </test> <!-- BMT -->
  </suite> <!-- BMT REGRESSION SUITE -->
</testng-results>
