<?xml version="1.0" encoding="UTF-8"?>
<testng-results skipped="0" failed="0" total="1" passed="1">
  <reporter-output>
    <line>
      <![CDATA[Option 1 is checked]]>
    </line>
    <line>
      <![CDATA[Option 2 is checked]]>
    </line>
    <line>
      <![CDATA[Option 3 is checked]]>
    </line>
  </reporter-output>
  <suite name="BMT REGRESSION SUITE" duration-ms="208987" started-at="2014-12-19T06:29:18Z" finished-at="2014-12-19T06:32:47Z">
    <groups>
    </groups>
    <test name="BMT" duration-ms="208987" started-at="2014-12-19T06:29:18Z" finished-at="2014-12-19T06:32:47Z">
      <class name="User_actions.TEItems">
        <test-method status="PASS" signature="beforeClass()[pri:0, instance:User_actions.TEItems@c39f790]" name="beforeClass" is-config="true" duration-ms="25072" started-at="2014-12-18T22:29:18Z" finished-at="2014-12-18T22:29:44Z">
          <reporter-output>
          </reporter-output>
        </test-method> <!-- beforeClass -->
        <test-method status="PASS" signature="mixeditems()[pri:0, instance:User_actions.TEItems@c39f790]" name="mixeditems" duration-ms="181198" started-at="2014-12-18T22:29:44Z" finished-at="2014-12-18T22:32:45Z">
          <reporter-output>
            <line>
              <![CDATA[Option 1 is checked]]>
            </line>
            <line>
              <![CDATA[Option 2 is checked]]>
            </line>
            <line>
              <![CDATA[Option 3 is checked]]>
            </line>
          </reporter-output>
        </test-method> <!-- mixeditems -->
        <test-method status="PASS" signature="afterClass()[pri:0, instance:User_actions.TEItems@c39f790]" name="afterClass" is-config="true" duration-ms="2700" started-at="2014-12-18T22:32:45Z" finished-at="2014-12-18T22:32:47Z">
          <reporter-output>
          </reporter-output>
        </test-method> <!-- afterClass -->
      </class> <!-- User_actions.TEItems -->
    </test> <!-- BMT -->
  </suite> <!-- BMT REGRESSION SUITE -->
</testng-results>
